<?xml version="1.0" encoding="UTF-8"?>
<!-- Generated by org.testng.reporters.JUnitReportReporter -->
<testsuite hostname="DESKTOP-PSK9T3H" failures="0" tests="1" name="Runner.TestApplication" time="59.724" errors="1" timestamp="2024-01-12T17:42:54 IST" skipped="0">
  <testcase classname="Runner.TestApplication" name="runScenario" time="59.724">
    <error message="Cannot find elements when the XPath is null." type="java.lang.IllegalArgumentException">
      <![CDATA[java.lang.IllegalArgumentException: Cannot find elements when the XPath is null.
at org.openqa.selenium.internal.Require$ArgumentChecker.nonNull(Require.java:207)
at org.openqa.selenium.By$ByXPath.<init>(By.java:286)
at org.openqa.selenium.By.xpath(By.java:89)
at utilities.UserUtility_614.waitHelper(UserUtility_614.java:53)
at utilities.UserUtility_614.elementIsVisible(UserUtility_614.java:630)
at stepdefinitions.CreditCardSettlementSteps_612.user_612_validate_the_from_account_is_display_or_not_under_bank_ccs(CreditCardSettlementSteps_612.java:616)
at âœ½.user_612 validate the FromAccount  is display or not under BankCCS(file:///C:/Users/inindc00612/git/DigitalBanking/Azentio_DigitalBanking_Razia2/src/test/java/Features/CreditCardSettlement_612.feature:573)
]]>
    </error>
  </testcase> <!-- runScenario -->
</testsuite> <!-- Runner.TestApplication -->
